<?xml version="1.0" encoding="UTF-8"?>
<!-- Generated by org.testng.reporters.JUnitReportReporter -->
<testsuite hostname="DESKTOP-ET06HTJ" failures="0" tests="4" name="TestNG.TestNGrouping" time="0.045" errors="0" timestamp="2020-08-27T20:25:51 IST" skipped="0">
  <testcase classname="TestNG.TestNGrouping" name="Test1" time="0.023"/>
  <system-out/>
  <testcase classname="TestNG.TestNGrouping" name="Test3" time="0.004"/>
  <system-out/>
  <testcase classname="TestNG.TestNGrouping" name="Test2" time="0.016"/>
  <system-out/>
  <testcase classname="TestNG.TestNGrouping" name="Test4" time="0.002"/>
  <system-out/>
</testsuite> <!-- TestNG.TestNGrouping -->
