<?xml version="1.0" encoding="UTF-8"?>
<!-- Generated by org.testng.reporters.JUnitReportReporter -->
<testsuite hostname="DESKTOP-ET06HTJ" failures="0" tests="1" name="TestNGListner.TestNGPriority" time="0.007" errors="0" timestamp="2020-08-26T21:46:00 IST" skipped="0">
  <testcase classname="TestNGListner.TestNGPriority" name="Test2" time="0.007"/>
  <system-out/>
</testsuite> <!-- TestNGListner.TestNGPriority -->
