<?xml version="1.0" encoding="UTF-8"?>
<!-- Generated by org.testng.reporters.JUnitReportReporter -->
<testsuite hostname="DESKTOP-ET06HTJ" failures="0" tests="3" name="TestNGListner.ListenersDemo" time="0.017" errors="0" timestamp="2020-08-26T22:04:09 IST" skipped="0">
  <testcase classname="TestNGListner.ListenersDemo" name="test3" time="0.010"/>
  <system-out/>
  <testcase classname="TestNGListner.ListenersDemo" name="est2" time="0.004"/>
  <system-out/>
  <testcase classname="TestNGListner.ListenersDemo" name="test1" time="0.003"/>
  <system-out/>
</testsuite> <!-- TestNGListner.ListenersDemo -->
