<?xml version="1.0" encoding="UTF-8"?>
<!-- Generated by org.testng.reporters.JUnitReportReporter -->
<testsuite hostname="DESKTOP-ET06HTJ" failures="0" tests="4" name="TestNG.TestNGrouping2" time="0.026" errors="0" timestamp="2020-08-27T20:27:44 IST" skipped="0">
  <testcase classname="TestNG.TestNGrouping2" name="Test1" time="0.005"/>
  <system-out/>
  <testcase classname="TestNG.TestNGrouping2" name="Test2" time="0.015"/>
  <system-out/>
  <testcase classname="TestNG.TestNGrouping2" name="Test4" time="0.002"/>
  <system-out/>
  <testcase classname="TestNG.TestNGrouping2" name="Test3" time="0.004"/>
  <system-out/>
</testsuite> <!-- TestNG.TestNGrouping2 -->
