<?xml version="1.0" encoding="UTF-8"?>
<!-- Generated by org.testng.reporters.JUnitReportReporter -->
<testsuite hostname="DESKTOP-ET06HTJ" failures="0" tests="4" name="TestNG.TestNDependencies2" time="0.021" errors="0" timestamp="2020-08-27T20:47:19 IST" skipped="0">
  <testcase classname="TestNG.TestNDependencies2" name="Test1" time="0.003"/>
  <system-out/>
  <testcase classname="TestNG.TestNDependencies2" name="Test2" time="0.013"/>
  <system-out/>
  <testcase classname="TestNG.TestNDependencies2" name="Test4" time="0.002"/>
  <system-out/>
  <testcase classname="TestNG.TestNDependencies2" name="Test3" time="0.003"/>
  <system-out/>
</testsuite> <!-- TestNG.TestNDependencies2 -->
