<?xml version="1.0" encoding="UTF-8"?>
<!-- Generated by org.testng.reporters.JUnitReportReporter -->
<testsuite hostname="DESKTOP-ET06HTJ" failures="0" tests="3" name="TestNGListner.TestNGDependencies" time="0.020" errors="0" timestamp="2020-08-27T20:17:27 IST" skipped="0">
  <testcase classname="TestNGListner.TestNGDependencies" name="Test2" time="0.012"/>
  <system-out/>
  <testcase classname="TestNGListner.TestNGDependencies" name="Test1" time="0.002"/>
  <system-out/>
  <testcase classname="TestNGListner.TestNGDependencies" name="Test3" time="0.006"/>
  <system-out/>
</testsuite> <!-- TestNGListner.TestNGDependencies -->
