<?xml version="1.0" encoding="UTF-8"?>
<!-- Generated by org.testng.reporters.JUnitReportReporter -->
<testsuite hostname="DESKTOP-ET06HTJ" failures="0" tests="3" name="TestNG.TestNGDependencies" time="0.016" errors="0" timestamp="2020-08-27T20:20:08 IST" skipped="0">
  <testcase classname="TestNG.TestNGDependencies" name="Test1" time="0.001"/>
  <system-out/>
  <testcase classname="TestNG.TestNGDependencies" name="Test3" time="0.002"/>
  <system-out/>
  <testcase classname="TestNG.TestNGDependencies" name="Test2" time="0.013"/>
  <system-out/>
</testsuite> <!-- TestNG.TestNGDependencies -->
