<?xml version="1.0" encoding="UTF-8"?>
<!-- Generated by org.testng.reporters.JUnitReportReporter -->
<testsuite hostname="DESKTOP-ET06HTJ" failures="0" tests="4" name="TestNG.TestNGIgnore" time="0.018" errors="0" timestamp="2020-08-27T21:53:30 IST" skipped="1">
  <testcase classname="TestNG.TestNGIgnore" name="Test1" time="0.012"/>
  <system-out/>
  <testcase classname="TestNG.TestNGIgnore" name="Test3" time="0.002"/>
  <system-out/>
  <testcase classname="TestNG.TestNGIgnore" name="Test4" time="0.004"/>
  <system-out/>
  <testcase classname="TestNG.TestNGIgnore" name="Test2">
    <skipped/>
  </testcase> <!-- Test2 -->
  <system-out/>
</testsuite> <!-- TestNG.TestNGIgnore -->
