<?xml version="1.0" encoding="UTF-8"?>
<!-- Generated by org.testng.reporters.JUnitReportReporter -->
<testsuite hostname="DESKTOP-ET06HTJ" failures="0" tests="1" name="Test.TestNG2" time="19.347" errors="0" timestamp="2020-08-17T16:52:34 IST" skipped="0">
  <testcase classname="Test.TestNG2" name="fbLogin" time="19.347"/>
  <system-out/>
</testsuite> <!-- Test.TestNG2 -->
